Using pre-set license
Built from '2020.2/staging' branch; Version is '2020.2.3f1 (8ff31bc5bf5b) revision 9433883'; Using compiler version '192528614'; Build Type 'Release'
OS: 'Windows 10 Home; OS build 18363.1440; Version 1909; 64bit' Language: 'es' Physical Memory: 16318 MB
BatchMode: 1, IsHumanControllingUs: 0, StartBugReporterOnCrash: 0, Is64bit: 1, IsPro: 0

 COMMAND LINE ARGUMENTS:
C:\Program Files\Unity\Hub\Editor\2020.2.3f1\Editor\Unity.exe
-adb2
-batchMode
-noUpm
-name
AssetImportWorker0
-projectPath
C:/Users/TOMAS/Documents/GitHub/tcp-udp-networking-basic/UnityGameServer
-logFile
Logs/AssetImportWorker0.log
-srvPort
22375
Successfully changed project path to: C:/Users/TOMAS/Documents/GitHub/tcp-udp-networking-basic/UnityGameServer
C:/Users/TOMAS/Documents/GitHub/tcp-udp-networking-basic/UnityGameServer
Using Asset Import Pipeline V2.
Refreshing native plugins compatible for Editor in 31.95 ms, found 0 plugins.
Preloading 0 native plugins for Editor in 0.00 ms.
Initialize engine version: 2020.2.3f1 (8ff31bc5bf5b)
[Subsystems] Discovering subsystems at path C:/Program Files/Unity/Hub/Editor/2020.2.3f1/Editor/Data/Resources/UnitySubsystems
[Subsystems] Discovering subsystems at path C:/Users/TOMAS/Documents/GitHub/tcp-udp-networking-basic/UnityGameServer/Assets
GfxDevice: creating device client; threaded=0
Direct3D:
    Version:  Direct3D 11.0 [level 11.1]
    Renderer: NVIDIA GeForce GTX 1050 (ID=0x1c81)
    Vendor:   
    VRAM:     1977 MB
    Driver:   27.21.14.6172
Initialize mono
Mono path[0] = 'C:/Program Files/Unity/Hub/Editor/2020.2.3f1/Editor/Data/Managed'
Mono path[1] = 'C:/Program Files/Unity/Hub/Editor/2020.2.3f1/Editor/Data/MonoBleedingEdge/lib/mono/unityjit'
Mono config path = 'C:/Program Files/Unity/Hub/Editor/2020.2.3f1/Editor/Data/MonoBleedingEdge/etc'
Using monoOptions --debugger-agent=transport=dt_socket,embedding=1,server=y,suspend=n,address=127.0.0.1:56172
Begin MonoManager ReloadAssembly
Registering precompiled unity dll's ...
Register platform support module: C:/Program Files/Unity/Hub/Editor/2020.2.3f1/Editor/Data/PlaybackEngines/WindowsStandaloneSupport/UnityEditor.WindowsStandalone.Extensions.dll
Registered in 0.003092 seconds.
Native extension for WindowsStandalone target not found
Refreshing native plugins compatible for Editor in 32.56 ms, found 0 plugins.
Preloading 0 native plugins for Editor in 0.00 ms.
Invoked RoslynAnalysisRunner static constructor.
RoslynAnalysisRunner will not be running.
RoslynAnalysisRunner has terminated.
Mono: successfully reloaded assembly
- Completed reload, in  1.562 seconds
Platform modules already initialized, skipping
Registering precompiled user dll's ...
Registered in 0.001155 seconds.
Begin MonoManager ReloadAssembly
Native extension for WindowsStandalone target not found
Refreshing native plugins compatible for Editor in 0.23 ms, found 0 plugins.
Preloading 0 native plugins for Editor in 0.00 ms.
Invoked RoslynAnalysisRunner static constructor.
RoslynAnalysisRunner will not be running.
RoslynAnalysisRunner has terminated.
Mono: successfully reloaded assembly
- Completed reload, in  1.034 seconds
Platform modules already initialized, skipping
========================================================================
Worker process is ready to serve import requests
Launched and connected shader compiler UnityShaderCompiler.exe after 0.05 seconds
Refreshing native plugins compatible for Editor in 0.21 ms, found 0 plugins.
Preloading 0 native plugins for Editor in 0.00 ms.
Unloading 1119 Unused Serialized files (Serialized files now loaded: 0)
System memory in use before: 57.2 MB.
System memory in use after: 57.3 MB.

Unloading 10 unused Assets to reduce memory usage. Loaded Objects now: 1561.
Total: 2.098700 ms (FindLiveObjects: 0.157700 ms CreateObjectMapping: 0.036300 ms MarkObjects: 1.780100 ms  DeleteObjects: 0.123100 ms)

========================================================================
Received Import Request.
  path: Assets/Scripts/Player.cs
  artifactKey: Guid(25b242d6488be3f439d44d70c12dcf80) Importer(815301076,1909f56bfc062723c751e8b465ee728b)
Start importing Assets/Scripts/Player.cs using Guid(25b242d6488be3f439d44d70c12dcf80) Importer(815301076,1909f56bfc062723c751e8b465ee728b)  -> (artifact id: 'fe8328f258c4468a96d3302c1adb885c') in 0.032156 seconds
  Import took 0.034387 seconds .

========================================================================
Received Import Request.
  Time since last request: 0.000361 seconds.
  path: Assets/Scripts/NetworkManager.cs
  artifactKey: Guid(6c4911c03c550924fba37b7fdad514f5) Importer(815301076,1909f56bfc062723c751e8b465ee728b)
Start importing Assets/Scripts/NetworkManager.cs using Guid(6c4911c03c550924fba37b7fdad514f5) Importer(815301076,1909f56bfc062723c751e8b465ee728b)  -> (artifact id: '31a0f1342f46081d7ab4f83396ff6a56') in 0.004311 seconds
  Import took 0.006373 seconds .

========================================================================
Received Import Request.
  Time since last request: 0.000324 seconds.
  path: Assets/Scripts/Player.cs
  artifactKey: Guid(25b242d6488be3f439d44d70c12dcf80) Importer(815301076,1909f56bfc062723c751e8b465ee728b)
Start importing Assets/Scripts/Player.cs using Guid(25b242d6488be3f439d44d70c12dcf80) Importer(815301076,1909f56bfc062723c751e8b465ee728b)  -> (artifact id: 'fe8328f258c4468a96d3302c1adb885c') in 0.003941 seconds
  Import took 0.005902 seconds .

========================================================================
Received Import Request.
  Time since last request: 11.243346 seconds.
  path: Assets/Scripts/Server.cs
  artifactKey: Guid(6157339494db344489ec90847a6358c6) Importer(815301076,1909f56bfc062723c751e8b465ee728b)
Start importing Assets/Scripts/Server.cs using Guid(6157339494db344489ec90847a6358c6) Importer(815301076,1909f56bfc062723c751e8b465ee728b)  -> (artifact id: '9acf4d00cc594efce1a60cbe4f03e236') in 0.005444 seconds
  Import took 0.007932 seconds .

========================================================================
Received Import Request.
  Time since last request: 1.767774 seconds.
  path: Assets/Scripts/ServerHandle.cs
  artifactKey: Guid(cf88813dce9c61c4f97e8483306a907b) Importer(815301076,1909f56bfc062723c751e8b465ee728b)
Start importing Assets/Scripts/ServerHandle.cs using Guid(cf88813dce9c61c4f97e8483306a907b) Importer(815301076,1909f56bfc062723c751e8b465ee728b)  -> (artifact id: 'f78fdb74dcecd835e35553c156abdc1e') in 0.006100 seconds
  Import took 0.008703 seconds .

========================================================================
Received Import Request.
  Time since last request: 0.329936 seconds.
  path: Assets/Scripts/ServerSend.cs
  artifactKey: Guid(58a95a0db062b0f42a7fd267f4d024a9) Importer(815301076,1909f56bfc062723c751e8b465ee728b)
Start importing Assets/Scripts/ServerSend.cs using Guid(58a95a0db062b0f42a7fd267f4d024a9) Importer(815301076,1909f56bfc062723c751e8b465ee728b)  -> (artifact id: '8970d0db21dead559eeb35180b8bf8d5') in 0.005980 seconds
  Import took 0.008287 seconds .

========================================================================
Received Import Request.
  Time since last request: 0.275618 seconds.
  path: Assets/Scripts/ThreadManager.cs
  artifactKey: Guid(fdaa1a269c3bd974aa7bbcd3816363a8) Importer(815301076,1909f56bfc062723c751e8b465ee728b)
Start importing Assets/Scripts/ThreadManager.cs using Guid(fdaa1a269c3bd974aa7bbcd3816363a8) Importer(815301076,1909f56bfc062723c751e8b465ee728b)  -> (artifact id: '0b8acf3c41d808ff5e44e74732913edc') in 0.005759 seconds
  Import took 0.008067 seconds .

========================================================================
Received Prepare
Registering precompiled user dll's ...
Registered in 0.001049 seconds.
Begin MonoManager ReloadAssembly
Native extension for WindowsStandalone target not found
Refreshing native plugins compatible for Editor in 0.25 ms, found 0 plugins.
Preloading 0 native plugins for Editor in 0.00 ms.
Invoked RoslynAnalysisRunner static constructor.
RoslynAnalysisRunner will not be running.
RoslynAnalysisRunner has terminated.
Mono: successfully reloaded assembly
- Completed reload, in  1.600 seconds
Platform modules already initialized, skipping
Refreshing native plugins compatible for Editor in 0.23 ms, found 0 plugins.
Preloading 0 native plugins for Editor in 0.00 ms.
Unloading 1114 Unused Serialized files (Serialized files now loaded: 0)
System memory in use before: 57.2 MB.
System memory in use after: 57.3 MB.

Unloading 5 unused Assets to reduce memory usage. Loaded Objects now: 1563.
Total: 3.537500 ms (FindLiveObjects: 0.163200 ms CreateObjectMapping: 0.066100 ms MarkObjects: 3.233800 ms  DeleteObjects: 0.072300 ms)

========================================================================
Received Prepare
Registering precompiled user dll's ...
Registered in 0.000978 seconds.
Begin MonoManager ReloadAssembly
Native extension for WindowsStandalone target not found
Refreshing native plugins compatible for Editor in 0.23 ms, found 0 plugins.
Preloading 0 native plugins for Editor in 0.00 ms.
Invoked RoslynAnalysisRunner static constructor.
RoslynAnalysisRunner will not be running.
RoslynAnalysisRunner has terminated.
Mono: successfully reloaded assembly
- Completed reload, in  0.964 seconds
Platform modules already initialized, skipping
Refreshing native plugins compatible for Editor in 0.22 ms, found 0 plugins.
Preloading 0 native plugins for Editor in 0.00 ms.
Unloading 1114 Unused Serialized files (Serialized files now loaded: 0)
System memory in use before: 57.2 MB.
System memory in use after: 57.3 MB.

Unloading 5 unused Assets to reduce memory usage. Loaded Objects now: 1565.
Total: 1.793700 ms (FindLiveObjects: 0.159100 ms CreateObjectMapping: 0.032800 ms MarkObjects: 1.537100 ms  DeleteObjects: 0.063500 ms)

========================================================================
Received Import Request.
  Time since last request: 140.830322 seconds.
  path: Assets/Scripts/NetworkManager.cs
  artifactKey: Guid(6c4911c03c550924fba37b7fdad514f5) Importer(815301076,1909f56bfc062723c751e8b465ee728b)
Start importing Assets/Scripts/NetworkManager.cs using Guid(6c4911c03c550924fba37b7fdad514f5) Importer(815301076,1909f56bfc062723c751e8b465ee728b)  -> (artifact id: '898c9fde8def66482edd9f19e3c64e30') in 0.007235 seconds
  Import took 0.009406 seconds .

========================================================================
Received Prepare
Registering precompiled user dll's ...
Registered in 0.001600 seconds.
Begin MonoManager ReloadAssembly
Native extension for WindowsStandalone target not found
Refreshing native plugins compatible for Editor in 0.32 ms, found 0 plugins.
Preloading 0 native plugins for Editor in 0.00 ms.
Invoked RoslynAnalysisRunner static constructor.
RoslynAnalysisRunner will not be running.
RoslynAnalysisRunner has terminated.
Mono: successfully reloaded assembly
- Completed reload, in  1.195 seconds
Platform modules already initialized, skipping
Refreshing native plugins compatible for Editor in 0.26 ms, found 0 plugins.
Preloading 0 native plugins for Editor in 0.00 ms.
Unloading 1114 Unused Serialized files (Serialized files now loaded: 0)
System memory in use before: 57.2 MB.
System memory in use after: 57.3 MB.

Unloading 5 unused Assets to reduce memory usage. Loaded Objects now: 1567.
Total: 2.012300 ms (FindLiveObjects: 0.156900 ms CreateObjectMapping: 0.029900 ms MarkObjects: 1.752900 ms  DeleteObjects: 0.070600 ms)

========================================================================
Received Prepare
Registering precompiled user dll's ...
Registered in 0.001256 seconds.
Begin MonoManager ReloadAssembly
Native extension for WindowsStandalone target not found
Refreshing native plugins compatible for Editor in 0.26 ms, found 0 plugins.
Preloading 0 native plugins for Editor in 0.00 ms.
Invoked RoslynAnalysisRunner static constructor.
RoslynAnalysisRunner will not be running.
RoslynAnalysisRunner has terminated.
Mono: successfully reloaded assembly
- Completed reload, in  2.298 seconds
Platform modules already initialized, skipping
Refreshing native plugins compatible for Editor in 0.23 ms, found 0 plugins.
Preloading 0 native plugins for Editor in 0.00 ms.
Unloading 1114 Unused Serialized files (Serialized files now loaded: 0)
System memory in use before: 57.2 MB.
System memory in use after: 57.3 MB.

Unloading 5 unused Assets to reduce memory usage. Loaded Objects now: 1569.
Total: 2.226500 ms (FindLiveObjects: 0.151400 ms CreateObjectMapping: 0.028700 ms MarkObjects: 1.977200 ms  DeleteObjects: 0.067500 ms)

========================================================================
Received Prepare
Registering precompiled user dll's ...
Registered in 0.003596 seconds.
Begin MonoManager ReloadAssembly
Native extension for WindowsStandalone target not found
Refreshing native plugins compatible for Editor in 1.04 ms, found 0 plugins.
Preloading 0 native plugins for Editor in 0.00 ms.
Invoked RoslynAnalysisRunner static constructor.
RoslynAnalysisRunner will not be running.
RoslynAnalysisRunner has terminated.
Mono: successfully reloaded assembly
- Completed reload, in  2.871 seconds
Platform modules already initialized, skipping
Refreshing native plugins compatible for Editor in 0.76 ms, found 0 plugins.
Preloading 0 native plugins for Editor in 0.00 ms.
Unloading 1114 Unused Serialized files (Serialized files now loaded: 0)
System memory in use before: 57.2 MB.
System memory in use after: 57.3 MB.

Unloading 5 unused Assets to reduce memory usage. Loaded Objects now: 1571.
Total: 5.943100 ms (FindLiveObjects: 0.165200 ms CreateObjectMapping: 0.032300 ms MarkObjects: 5.668700 ms  DeleteObjects: 0.074600 ms)

AssetImportWorkerClient::OnTransportError - code=2 error=End of file
